c:\users\qka01\opp1\12213039_박진하_opp1\12213039_박진하_opp1\x64\debug\vc143.pdb
c:\users\qka01\opp1\12213039_박진하_opp1\12213039_박진하_opp1\x64\debug\vc143.idb
c:\users\qka01\onedrive\바탕 화면\opp1\12213039_박진하_opp1\12213039_박진하_opp1\x64\debug\vc143.pdb
c:\users\qka01\onedrive\바탕 화면\opp1\12213039_박진하_opp1\12213039_박진하_opp1\x64\debug\vc143.idb
c:\users\qka01\onedrive\바탕 화면\opp1\12213039_박진하_opp1\12213039_박진하_opp1\x64\debug\lab11.obj
c:\users\qka01\onedrive\바탕 화면\opp1\12213039_박진하_opp1\x64\debug\12213039_박진하_opp1.exe
c:\users\qka01\onedrive\바탕 화면\opp1\12213039_박진하_opp1\x64\debug\12213039_박진하_opp1.pdb
c:\users\qka01\onedrive\바탕 화면\opp1\12213039_박진하_opp1\12213039_박진하_opp1\x64\debug\12213039_박진하_opp1.ilk
c:\users\qka01\onedrive\바탕 화면\opp1\12213039_박진하_opp1\12213039_박진하_opp1\x64\debug\lab1.obj
c:\users\qka01\onedrive\바탕 화면\opp1\12213039_박진하_opp1\12213039_박진하_opp1\x64\debug\lab2.obj
c:\users\qka01\onedrive\바탕 화면\opp1\12213039_박진하_opp1\12213039_박진하_opp1\x64\debug\lab3.obj
c:\users\qka01\onedrive\바탕 화면\opp1\12213039_박진하_opp1\12213039_박진하_opp1\x64\debug\lab4.obj
c:\users\qka01\onedrive\바탕 화면\opp1\12213039_박진하_opp1\12213039_박진하_opp1\x64\debug\lab5.obj
c:\users\qka01\onedrive\바탕 화면\opp1\12213039_박진하_opp1\12213039_박진하_opp1\x64\debug\lab6.obj
c:\users\qka01\onedrive\바탕 화면\opp1\12213039_박진하_opp1\12213039_박진하_opp1\x64\debug\lab7.obj
c:\users\qka01\onedrive\바탕 화면\opp1\12213039_박진하_opp1\12213039_박진하_opp1\x64\debug\lab9.obj
c:\users\qka01\onedrive\바탕 화면\opp1\12213039_박진하_opp1\12213039_박진하_opp1\x64\debug\main.obj
c:\users\qka01\onedrive\바탕 화면\opp1\12213039_박진하_opp1\12213039_박진하_opp1\x64\debug\week10.obj
c:\users\qka01\onedrive\바탕 화면\opp1\12213039_박진하_opp1\12213039_박진하_opp1\x64\debug\week10func.obj
c:\users\qka01\onedrive\바탕 화면\opp1\12213039_박진하_opp1\12213039_박진하_opp1\x64\debug\week11.obj
c:\users\qka01\onedrive\바탕 화면\opp1\12213039_박진하_opp1\12213039_박진하_opp1\x64\debug\week3_homework.obj
c:\users\qka01\onedrive\바탕 화면\opp1\12213039_박진하_opp1\12213039_박진하_opp1\x64\debug\week5_homework.obj
c:\users\qka01\onedrive\바탕 화면\opp1\12213039_박진하_opp1\12213039_박진하_opp1\x64\debug\lab11.obj.enc
c:\users\qka01\onedrive\바탕 화면\opp1\12213039_박진하_opp1\12213039_박진하_opp1\x64\debug\lab5.obj.enc
c:\users\qka01\onedrive\바탕 화면\opp1\12213039_박진하_opp1\12213039_박진하_opp1\x64\debug\12213039.a50d010f.tlog\cl.command.1.tlog
c:\users\qka01\onedrive\바탕 화면\opp1\12213039_박진하_opp1\12213039_박진하_opp1\x64\debug\12213039.a50d010f.tlog\cl.items.tlog
c:\users\qka01\onedrive\바탕 화면\opp1\12213039_박진하_opp1\12213039_박진하_opp1\x64\debug\12213039.a50d010f.tlog\cl.read.1.tlog
c:\users\qka01\onedrive\바탕 화면\opp1\12213039_박진하_opp1\12213039_박진하_opp1\x64\debug\12213039.a50d010f.tlog\cl.write.1.tlog
c:\users\qka01\onedrive\바탕 화면\opp1\12213039_박진하_opp1\12213039_박진하_opp1\x64\debug\12213039.a50d010f.tlog\link.command.1.tlog
c:\users\qka01\onedrive\바탕 화면\opp1\12213039_박진하_opp1\12213039_박진하_opp1\x64\debug\12213039.a50d010f.tlog\link.read.1.tlog
c:\users\qka01\onedrive\바탕 화면\opp1\12213039_박진하_opp1\12213039_박진하_opp1\x64\debug\12213039.a50d010f.tlog\link.secondary.1.tlog
c:\users\qka01\onedrive\바탕 화면\opp1\12213039_박진하_opp1\12213039_박진하_opp1\x64\debug\12213039.a50d010f.tlog\link.write.1.tlog
